mode: set
_/Users/iscander/projects/githubs/softserve-go-bootcamp-materials/iscander/day6/code/idgen/src/idgen_atomic.go:9.46,11.2 1 1
_/Users/iscander/projects/githubs/softserve-go-bootcamp-materials/iscander/day6/code/idgen/src/idgen_atomic.go:13.45,15.2 1 1
_/Users/iscander/projects/githubs/softserve-go-bootcamp-materials/iscander/day6/code/idgen/src/idgen_atomic.go:17.48,19.2 1 1
_/Users/iscander/projects/githubs/softserve-go-bootcamp-materials/iscander/day6/code/idgen/src/idgen_chan.go:11.45,12.6 1 1
_/Users/iscander/projects/githubs/softserve-go-bootcamp-materials/iscander/day6/code/idgen/src/idgen_chan.go:12.6,13.10 1 1
_/Users/iscander/projects/githubs/softserve-go-bootcamp-materials/iscander/day6/code/idgen/src/idgen_chan.go:14.3,16.30 2 1
_/Users/iscander/projects/githubs/softserve-go-bootcamp-materials/iscander/day6/code/idgen/src/idgen_chan.go:17.3,18.29 1 1
_/Users/iscander/projects/githubs/softserve-go-bootcamp-materials/iscander/day6/code/idgen/src/idgen_chan.go:23.44,26.2 2 1
_/Users/iscander/projects/githubs/softserve-go-bootcamp-materials/iscander/day6/code/idgen/src/idgen_chan.go:28.43,31.2 2 1
_/Users/iscander/projects/githubs/softserve-go-bootcamp-materials/iscander/day6/code/idgen/src/idgen_chan.go:33.44,42.2 3 1
_/Users/iscander/projects/githubs/softserve-go-bootcamp-materials/iscander/day6/code/idgen/src/idgen_mutex.go:12.45,17.2 4 1
_/Users/iscander/projects/githubs/softserve-go-bootcamp-materials/iscander/day6/code/idgen/src/idgen_mutex.go:19.44,23.2 3 1
_/Users/iscander/projects/githubs/softserve-go-bootcamp-materials/iscander/day6/code/idgen/src/idgen_mutex.go:25.46,27.2 1 1
_/Users/iscander/projects/githubs/softserve-go-bootcamp-materials/iscander/day6/code/idgen/src/main.go:8.13,13.2 4 0
_/Users/iscander/projects/githubs/softserve-go-bootcamp-materials/iscander/day6/code/idgen/src/web.go:12.74,14.2 1 1
_/Users/iscander/projects/githubs/softserve-go-bootcamp-materials/iscander/day6/code/idgen/src/web.go:16.55,18.2 1 1
